  TimeIt1_main.cpp
D:\C++ work\CS202\CS202 work\Homework\Homework1\TimeIt1\TimeIt1_main.cpp(47,7): warning C4834: discarding return value of function with 'nodiscard' attribute
D:\C++ work\CS202\CS202 work\Homework\Homework1\TimeIt1\TimeIt1_main.cpp(51,20): warning C4834: discarding return value of function with 'nodiscard' attribute
C:\Program Files (x86)\Microsoft Visual Studio\2019\Community\VC\Tools\MSVC\14.24.28314\include\xutility(1018,54): error C2794: 'iterator_category': is not a member of any direct or indirect base class of 'std::iterator_traits<_Iter>'
          with
          [
              _Iter=int
          ]
C:\Program Files (x86)\Microsoft Visual Studio\2019\Community\VC\Tools\MSVC\14.24.28314\include\xutility(1045): message : see reference to alias template instantiation 'std::_Iter_cat_t<int>' being compiled
C:\Program Files (x86)\Microsoft Visual Studio\2019\Community\VC\Tools\MSVC\14.24.28314\include\algorithm(725): message : see reference to variable template 'const bool _Is_random_iter_v<int>' being compiled
C:\Program Files (x86)\Microsoft Visual Studio\2019\Community\VC\Tools\MSVC\14.24.28314\include\algorithm(819): message : see reference to function template instantiation '_FwdItHaystack std::search<_FwdItHaystack,_FwdItPat,std::equal_to<void>>(_FwdItHaystack,_FwdItHaystack,const _FwdItPat,const _FwdItPat,_Pr)' being compiled
          with
          [
              _FwdItHaystack=std::_Vector_iterator<std::_Vector_val<std::_Simple_types<int>>>,
              _FwdItPat=int,
              _Pr=std::equal_to<void>
          ]
D:\C++ work\CS202\CS202 work\Homework\Homework1\TimeIt1\TimeIt1_main.cpp(47): message : see reference to function template instantiation '_FwdItHaystack std::search<std::_Vector_iterator<std::_Vector_val<std::_Simple_types<_Ty>>>,int>(const _FwdItHaystack,const _FwdItHaystack,const _FwdItPat,const _FwdItPat)' being compiled
          with
          [
              _FwdItHaystack=std::_Vector_iterator<std::_Vector_val<std::_Simple_types<int>>>,
              _Ty=int,
              _FwdItPat=int
          ]
C:\Program Files (x86)\Microsoft Visual Studio\2019\Community\VC\Tools\MSVC\14.24.28314\include\chrono(632): message : see reference to class template instantiation 'std::chrono::duration<double,std::ratio<1,1>>' being compiled
C:\Program Files (x86)\Microsoft Visual Studio\2019\Community\VC\Tools\MSVC\14.24.28314\include\chrono(178): message : see reference to class template instantiation 'std::chrono::duration<__int64,std::nano>' being compiled
C:\Program Files (x86)\Microsoft Visual Studio\2019\Community\VC\Tools\MSVC\14.24.28314\include\chrono(610): message : see reference to class template instantiation 'std::chrono::time_point<std::chrono::steady_clock,std::chrono::nanoseconds>' being compiled
C:\Program Files (x86)\Microsoft Visual Studio\2019\Community\VC\Tools\MSVC\14.24.28314\include\xutility(1045,112): error C2938: 'std::_Iter_cat_t' : Failed to specialize alias template
C:\Program Files (x86)\Microsoft Visual Studio\2019\Community\VC\Tools\MSVC\14.24.28314\include\xutility(1045,112): error C2062: type 'unknown-type' unexpected
C:\Program Files (x86)\Microsoft Visual Studio\2019\Community\VC\Tools\MSVC\14.24.28314\include\algorithm(725,1): error C3376: 'std::_Is_random_iter_v': only static data member templates are allowed
C:\Program Files (x86)\Microsoft Visual Studio\2019\Community\VC\Tools\MSVC\14.24.28314\include\algorithm(725,1): error C2062: type 'unknown-type' unexpected
C:\Program Files (x86)\Microsoft Visual Studio\2019\Community\VC\Tools\MSVC\14.24.28314\include\algorithm(725,1): error C2143: syntax error: missing ';' before '{'
C:\Program Files (x86)\Microsoft Visual Studio\2019\Community\VC\Tools\MSVC\14.24.28314\include\xutility(1010,55): error C2794: 'difference_type': is not a member of any direct or indirect base class of 'std::iterator_traits<_Iter>'
          with
          [
              _Iter=int
          ]
C:\Program Files (x86)\Microsoft Visual Studio\2019\Community\VC\Tools\MSVC\14.24.28314\include\algorithm(726): message : see reference to alias template instantiation 'std::_Iter_diff_t<int>' being compiled
C:\Program Files (x86)\Microsoft Visual Studio\2019\Community\VC\Tools\MSVC\14.24.28314\include\algorithm(726,1): error C2938: 'std::_Iter_diff_t' : Failed to specialize alias template
C:\Program Files (x86)\Microsoft Visual Studio\2019\Community\VC\Tools\MSVC\14.24.28314\include\algorithm(726,1): error C4430: missing type specifier - int assumed. Note: C++ does not support default-int
C:\Program Files (x86)\Microsoft Visual Studio\2019\Community\VC\Tools\MSVC\14.24.28314\include\algorithm(726,1): error C2062: type 'unknown-type' unexpected
C:\Program Files (x86)\Microsoft Visual Studio\2019\Community\VC\Tools\MSVC\14.24.28314\include\algorithm(727,35): error C2065: '_Count2': undeclared identifier
C:\Program Files (x86)\Microsoft Visual Studio\2019\Community\VC\Tools\MSVC\14.24.28314\include\algorithm(728,93): error C2065: '_Count2': undeclared identifier
C:\Program Files (x86)\Microsoft Visual Studio\2019\Community\VC\Tools\MSVC\14.24.28314\include\algorithm(728,39): error C2789: '_Last_possible': an object of const-qualified type must be initialized
C:\Program Files (x86)\Microsoft Visual Studio\2019\Community\VC\Tools\MSVC\14.24.28314\include\algorithm(728): message : see declaration of '_Last_possible'
C:\Program Files (x86)\Microsoft Visual Studio\2019\Community\VC\Tools\MSVC\14.24.28314\include\algorithm(735,1): error C3536: '_Last_possible': cannot be used before it is initialized
C:\Program Files (x86)\Microsoft Visual Studio\2019\Community\VC\Tools\MSVC\14.24.28314\include\algorithm(735,1): error C2446: '==': no conversion from 'int' to 'int *'
C:\Program Files (x86)\Microsoft Visual Studio\2019\Community\VC\Tools\MSVC\14.24.28314\include\algorithm(735,33): message : Conversion from integral type to pointer type requires reinterpret_cast, C-style cast or function-style cast
C:\Program Files (x86)\Microsoft Visual Studio\2019\Community\VC\Tools\MSVC\14.24.28314\include\algorithm(740,1): error C2181: illegal else without matching if
C:\Program Files (x86)\Microsoft Visual Studio\2019\Community\VC\Tools\MSVC\14.24.28314\include\algorithm(749,44): error C2100: illegal indirection
